<?xml version="1.0" encoding="UTF-8"?>
<testsuite name="Cucumber" time="0.137" tests="1" skipped="0" failures="1" errors="0">
<testcase classname="Project Document" name="login test for facebook" time="0.029">
<failure/>
<system-out><![CDATA[
Given i open browser "chrome"...............................................undefined
And i navigate to "http://www.facebook.com".................................skipped
When i enter username"priyapendu1508@gmail.com".............................skipped
And i enter password "wrongpassword"........................................skipped
And click submit............................................................skipped
Then error message must come................................................skipped
]]></system-out>
</testcase>
</testsuite>
